Determining if the pthread_create exist failed with the following output:
Change Dir: /home/rogers/yj_ws/SegmatchProject/build/CMakeFiles/CMakeTmp

Run Build Command:"/usr/bin/make" "cmTC_951ca/fast"
/usr/bin/make -f CMakeFiles/cmTC_951ca.dir/build.make CMakeFiles/cmTC_951ca.dir/build
make[1]: Entering directory `/home/rogers/yj_ws/SegmatchProject/build/CMakeFiles/CMakeTmp'
Building C object CMakeFiles/cmTC_951ca.dir/CheckSymbolExists.c.o
/usr/bin/cc    -o CMakeFiles/cmTC_951ca.dir/CheckSymbolExists.c.o   -c /home/rogers/yj_ws/SegmatchProject/build/CMakeFiles/CMakeTmp/CheckSymbolExists.c
Linking C executable cmTC_951ca
/usr/local/bin/cmake -E cmake_link_script CMakeFiles/cmTC_951ca.dir/link.txt --verbose=1
/usr/bin/cc      -rdynamic CMakeFiles/cmTC_951ca.dir/CheckSymbolExists.c.o  -o cmTC_951ca 
CMakeFiles/cmTC_951ca.dir/CheckSymbolExists.c.o: In function `main':
CheckSymbolExists.c:(.text+0x16): undefined reference to `pthread_create'
collect2: error: ld returned 1 exit status
make[1]: *** [cmTC_951ca] Error 1
make[1]: Leaving directory `/home/rogers/yj_ws/SegmatchProject/build/CMakeFiles/CMakeTmp'
make: *** [cmTC_951ca/fast] Error 2

File /home/rogers/yj_ws/SegmatchProject/build/CMakeFiles/CMakeTmp/CheckSymbolExists.c:
/* */
#include <pthread.h>

int main(int argc, char** argv)
{
  (void)argv;
#ifndef pthread_create
  return ((int*)(&pthread_create))[argc];
#else
  (void)argc;
  return 0;
#endif
}

Determining if the function pthread_create exists in the pthreads failed with the following output:
Change Dir: /home/rogers/yj_ws/SegmatchProject/build/CMakeFiles/CMakeTmp

Run Build Command:"/usr/bin/make" "cmTC_b79ea/fast"
/usr/bin/make -f CMakeFiles/cmTC_b79ea.dir/build.make CMakeFiles/cmTC_b79ea.dir/build
make[1]: Entering directory `/home/rogers/yj_ws/SegmatchProject/build/CMakeFiles/CMakeTmp'
Building C object CMakeFiles/cmTC_b79ea.dir/CheckFunctionExists.c.o
/usr/bin/cc   -DCHECK_FUNCTION_EXISTS=pthread_create   -o CMakeFiles/cmTC_b79ea.dir/CheckFunctionExists.c.o   -c /usr/local/share/cmake-3.10/Modules/CheckFunctionExists.c
Linking C executable cmTC_b79ea
/usr/local/bin/cmake -E cmake_link_script CMakeFiles/cmTC_b79ea.dir/link.txt --verbose=1
/usr/bin/cc  -DCHECK_FUNCTION_EXISTS=pthread_create    -rdynamic CMakeFiles/cmTC_b79ea.dir/CheckFunctionExists.c.o  -o cmTC_b79ea -lpthreads 
/usr/bin/ld: cannot find -lpthreads
collect2: error: ld returned 1 exit status
make[1]: *** [cmTC_b79ea] Error 1
make[1]: Leaving directory `/home/rogers/yj_ws/SegmatchProject/build/CMakeFiles/CMakeTmp'
make: *** [cmTC_b79ea/fast] Error 2


